Using pre-set license
Built from '2020.3/staging' branch; Version is '2020.3.22f1 (e1a7f79fd887) revision 14788599'; Using compiler version '192528614'; Build Type 'Release'
OS: 'Windows 10 Home; OS build 19043.1526; Version 2009; 64bit' Language: 'en' Physical Memory: 16166 MB
BatchMode: 1, IsHumanControllingUs: 0, StartBugReporterOnCrash: 0, Is64bit: 1, IsPro: 0

COMMAND LINE ARGUMENTS:
C:\Program Files\Unity\Hub\Editor\2020.3.22f1\Editor\Unity.exe
-adb2
-batchMode
-noUpm
-name
AssetImportWorker0
-projectPath
C:/Users/landr/Documents/GitHub/Unidentified/Unidentified
-logFile
Logs/AssetImportWorker0.log
-srvPort
62617
Successfully changed project path to: C:/Users/landr/Documents/GitHub/Unidentified/Unidentified
C:/Users/landr/Documents/GitHub/Unidentified/Unidentified
Using Asset Import Pipeline V2.
Refreshing native plugins compatible for Editor in 25.01 ms, found 2 plugins.
Preloading 0 native plugins for Editor in 0.00 ms.
Initialize engine version: 2020.3.22f1 (e1a7f79fd887)
[Subsystems] Discovering subsystems at path C:/Program Files/Unity/Hub/Editor/2020.3.22f1/Editor/Data/Resources/UnitySubsystems
[Subsystems] Discovering subsystems at path C:/Users/landr/Documents/GitHub/Unidentified/Unidentified/Assets
GfxDevice: creating device client; threaded=0
Direct3D:
    Version:  Direct3D 11.0 [level 11.1]
    Renderer: NVIDIA GeForce RTX 2060 (ID=0x1f15)
    Vendor:   
    VRAM:     5980 MB
    Driver:   30.0.14.9649
Initialize mono
Mono path[0] = 'C:/Program Files/Unity/Hub/Editor/2020.3.22f1/Editor/Data/Managed'
Mono path[1] = 'C:/Program Files/Unity/Hub/Editor/2020.3.22f1/Editor/Data/MonoBleedingEdge/lib/mono/unityjit'
Mono config path = 'C:/Program Files/Unity/Hub/Editor/2020.3.22f1/Editor/Data/MonoBleedingEdge/etc'
Using monoOptions --debugger-agent=transport=dt_socket,embedding=1,server=y,suspend=n,address=127.0.0.1:56516
Begin MonoManager ReloadAssembly
Registering precompiled unity dll's ...
Register platform support module: C:/Program Files/Unity/Hub/Editor/2020.3.22f1/Editor/Data/PlaybackEngines/WebGLSupport/UnityEditor.WebGL.Extensions.dll
Register platform support module: C:/Program Files/Unity/Hub/Editor/2020.3.22f1/Editor/Data/PlaybackEngines/WindowsStandaloneSupport/UnityEditor.WindowsStandalone.Extensions.dll
Registered in 0.001846 seconds.
Native extension for WindowsStandalone target not found
Native extension for WebGL target not found
Refreshing native plugins compatible for Editor in 23.89 ms, found 2 plugins.
Preloading 0 native plugins for Editor in 0.00 ms.
Mono: successfully reloaded assembly
- Completed reload, in  0.928 seconds
Domain Reload Profiling:
	ReloadAssembly (928ms)
		BeginReloadAssembly (47ms)
			ExecutionOrderSort (0ms)
			DisableScriptedObjects (0ms)
			BackupInstance (0ms)
			ReleaseScriptingObjects (0ms)
			CreateAndSetChildDomain (1ms)
		EndReloadAssembly (349ms)
			LoadAssemblies (45ms)
			RebuildTransferFunctionScriptingTraits (0ms)
			SetupTypeCache (121ms)
			ReleaseScriptCaches (0ms)
			RebuildScriptCaches (27ms)
			SetupLoadedEditorAssemblies (124ms)
				LogAssemblyErrors (0ms)
				InitializePlatformSupportModulesInManaged (4ms)
				SetLoadedEditorAssemblies (0ms)
				RefreshPlugins (24ms)
				BeforeProcessingInitializeOnLoad (8ms)
				ProcessInitializeOnLoadAttributes (66ms)
				ProcessInitializeOnLoadMethodAttributes (22ms)
				AfterProcessingInitializeOnLoad (0ms)
				EditorAssembliesLoaded (0ms)
			ExecutionOrderSort2 (0ms)
			AwakeInstancesAfterBackupRestoration (0ms)
Platform modules already initialized, skipping
Registering precompiled user dll's ...
Registered in 0.003298 seconds.
Begin MonoManager ReloadAssembly
Native extension for WindowsStandalone target not found
Native extension for WebGL target not found
Refreshing native plugins compatible for Editor in 0.27 ms, found 2 plugins.
Preloading 0 native plugins for Editor in 0.00 ms.
Mono: successfully reloaded assembly
- Completed reload, in  0.792 seconds
Domain Reload Profiling:
	ReloadAssembly (793ms)
		BeginReloadAssembly (115ms)
			ExecutionOrderSort (0ms)
			DisableScriptedObjects (4ms)
			BackupInstance (0ms)
			ReleaseScriptingObjects (0ms)
			CreateAndSetChildDomain (15ms)
		EndReloadAssembly (629ms)
			LoadAssemblies (65ms)
			RebuildTransferFunctionScriptingTraits (0ms)
			SetupTypeCache (221ms)
			ReleaseScriptCaches (0ms)
			RebuildScriptCaches (33ms)
			SetupLoadedEditorAssemblies (234ms)
				LogAssemblyErrors (0ms)
				InitializePlatformSupportModulesInManaged (4ms)
				SetLoadedEditorAssemblies (0ms)
				RefreshPlugins (0ms)
				BeforeProcessingInitializeOnLoad (44ms)
				ProcessInitializeOnLoadAttributes (172ms)
				ProcessInitializeOnLoadMethodAttributes (6ms)
				AfterProcessingInitializeOnLoad (7ms)
				EditorAssembliesLoaded (0ms)
			ExecutionOrderSort2 (0ms)
			AwakeInstancesAfterBackupRestoration (6ms)
Platform modules already initialized, skipping
========================================================================
Worker process is ready to serve import requests
Launched and connected shader compiler UnityShaderCompiler.exe after 0.29 seconds
Refreshing native plugins compatible for Editor in 1.63 ms, found 2 plugins.
Preloading 0 native plugins for Editor in 0.00 ms.
Unloading 1502 Unused Serialized files (Serialized files now loaded: 0)
System memory in use before: 69.3 MB.
System memory in use after: 69.4 MB.

Unloading 19 unused Assets to reduce memory usage. Loaded Objects now: 1935.
Total: 11.170600 ms (FindLiveObjects: 0.448000 ms CreateObjectMapping: 0.194700 ms MarkObjects: 10.314600 ms  DeleteObjects: 0.209400 ms)

AssetImportParameters requested are different than current active one (requested -> active):
  custom:framework-win-MediaFoundation: 216162199b28c13a410421893ffa2e32 -> 
  custom:video-decoder-ogg-theora: a1e56fd34408186e4bbccfd4996cb3dc -> 
  custom:container-muxer-webm: aa71ff27fc2769a1b78a27578f13a17b -> 
  custom:container-demuxer-webm: 4f35f7cbe854078d1ac9338744f61a02 -> 
  custom:container-demuxer-ogg: 62fdf1f143b41e24485cea50d1cbac27 -> 
  custom:video-encoder-webm-vp8: eb34c28f22e8b96e1ab97ce403110664 -> 
  custom:video-codec-MediaFoundation-h265: 746d11721c4dcdbdad8f713fa42b33f4 -> 
  custom:video-decoder-webm-vp8: 9c59270c3fd7afecdb556c50c9e8de78 -> 
  custom:audio-decoder-ogg-vorbis: bf7c407c2cedff20999df2af8eb42d56 -> 
  custom:audio-encoder-webm-vorbis: bf7c407c2cedff20999df2af8eb42d56 -> 
========================================================================
Received Import Request.
  path: Assets/Scenes/Start Menu.unity
  artifactKey: Guid(9fc0d4010bbf28b4594072e72b8655ab) Importer(815301076,1909f56bfc062723c751e8b465ee728b)
Start importing Assets/Scenes/Start Menu.unity using Guid(9fc0d4010bbf28b4594072e72b8655ab) Importer(815301076,1909f56bfc062723c751e8b465ee728b)  -> (artifact id: '26dc43bca9867753c23943fa7375ef46') in 0.072247 seconds 
  Import took 0.082103 seconds .

========================================================================
Received Import Request.
  Time since last request: 61.591676 seconds.
  path: Assets/Scenes/Level 1 Prison Cell.unity
  artifactKey: Guid(03c69907311527d479bc87fa7ec02848) Importer(815301076,1909f56bfc062723c751e8b465ee728b)
Start importing Assets/Scenes/Level 1 Prison Cell.unity using Guid(03c69907311527d479bc87fa7ec02848) Importer(815301076,1909f56bfc062723c751e8b465ee728b)  -> (artifact id: '555c18643d0f1a2a5ee76832a0fe2c19') in 0.008816 seconds 
  Import took 0.011560 seconds .

========================================================================
Received Import Request.
  Time since last request: 1069.733281 seconds.
  path: Assets/TextMesh Pro/Fonts/LiberationSans.ttf
  artifactKey: Guid(e3265ab4bf004d28a9537516768c1c75) Importer(815301076,1909f56bfc062723c751e8b465ee728b)
Start importing Assets/TextMesh Pro/Fonts/LiberationSans.ttf using Guid(e3265ab4bf004d28a9537516768c1c75) Importer(815301076,1909f56bfc062723c751e8b465ee728b)  -> (artifact id: 'bdddd331c3f1b7826858a8d92db67e39') in 0.165080 seconds 
  Import took 0.168210 seconds .

========================================================================
Received Import Request.
  Time since last request: 0.000304 seconds.
  path: Assets/TextMesh Pro/Resources/Fonts & Materials/LiberationSans SDF - Outline.mat
  artifactKey: Guid(79459efec17a4d00a321bdcc27bbc385) Importer(815301076,1909f56bfc062723c751e8b465ee728b)
Start importing Assets/TextMesh Pro/Resources/Fonts & Materials/LiberationSans SDF - Outline.mat using Guid(79459efec17a4d00a321bdcc27bbc385) Importer(815301076,1909f56bfc062723c751e8b465ee728b)  -> (artifact id: '289988fcecf3b00d1602f8d2b589f7dd') in 0.084281 seconds 
  Import took 0.086263 seconds .

========================================================================
Received Import Request.
  Time since last request: 0.000274 seconds.
  path: Assets/TextMesh Pro/Resources/Fonts & Materials/LiberationSans SDF - Fallback.asset
  artifactKey: Guid(2e498d1c8094910479dc3e1b768306a4) Importer(815301076,1909f56bfc062723c751e8b465ee728b)
Start importing Assets/TextMesh Pro/Resources/Fonts & Materials/LiberationSans SDF - Fallback.asset using Guid(2e498d1c8094910479dc3e1b768306a4) Importer(815301076,1909f56bfc062723c751e8b465ee728b)  -> (artifact id: 'b8c2210586957436df79bf961aeff06e') in 0.051197 seconds 
  Import took 0.053456 seconds .

========================================================================
Received Import Request.
  Time since last request: 0.000195 seconds.
  path: Assets/TextMesh Pro/Resources/Fonts & Materials/LiberationSans SDF - Drop Shadow.mat
  artifactKey: Guid(e73a58f6e2794ae7b1b7e50b7fb811b0) Importer(815301076,1909f56bfc062723c751e8b465ee728b)
Start importing Assets/TextMesh Pro/Resources/Fonts & Materials/LiberationSans SDF - Drop Shadow.mat using Guid(e73a58f6e2794ae7b1b7e50b7fb811b0) Importer(815301076,1909f56bfc062723c751e8b465ee728b)  -> (artifact id: 'ca0d2861f60500f05bd29199894f7bb5') in 0.077033 seconds 
  Import took 0.079181 seconds .

========================================================================
Received Import Request.
  Time since last request: 0.000230 seconds.
  path: Assets/TextMesh Pro/Resources/Fonts & Materials/LiberationSans SDF.asset
  artifactKey: Guid(8f586378b4e144a9851e7b34d9b748ee) Importer(815301076,1909f56bfc062723c751e8b465ee728b)
Start importing Assets/TextMesh Pro/Resources/Fonts & Materials/LiberationSans SDF.asset using Guid(8f586378b4e144a9851e7b34d9b748ee) Importer(815301076,1909f56bfc062723c751e8b465ee728b)  -> (artifact id: '8d62571a614d3c49d268824a4fb2a938') in 0.040165 seconds 
  Import took 0.042951 seconds .

========================================================================
Received Import Request.
  Time since last request: 2.889462 seconds.
  path: Assets/Gold.asset
  artifactKey: Guid(7e28c3d305693c24a8ec3d24c52c4c22) Importer(815301076,1909f56bfc062723c751e8b465ee728b)
Start importing Assets/Gold.asset using Guid(7e28c3d305693c24a8ec3d24c52c4c22) Importer(815301076,1909f56bfc062723c751e8b465ee728b)  -> (artifact id: 'd3b256f94b5582a404a4f7fb5662d5ca') in 0.005845 seconds 
  Import took 0.007797 seconds .

========================================================================
Received Import Request.
  Time since last request: 8.415392 seconds.
  path: Assets/Materials
  artifactKey: Guid(87775cfe1105c8341b48b4843033df65) Importer(815301076,1909f56bfc062723c751e8b465ee728b)
Start importing Assets/Materials using Guid(87775cfe1105c8341b48b4843033df65) Importer(815301076,1909f56bfc062723c751e8b465ee728b)  -> (artifact id: 'fa3ea73b854a0eee2be117d4e13c8e2d') in 0.006088 seconds 
  Import took 0.008253 seconds .

========================================================================
Received Import Request.
  Time since last request: 34.363632 seconds.
  path: Assets/Materials/Ground.mat
  artifactKey: Guid(4162dd3f418299b49a757f509042a51f) Importer(815301076,1909f56bfc062723c751e8b465ee728b)
Start importing Assets/Materials/Ground.mat using Guid(4162dd3f418299b49a757f509042a51f) Importer(815301076,1909f56bfc062723c751e8b465ee728b)  -> (artifact id: 'e42d8b086b71c8ba3fcbb023bc120f63') in 0.012975 seconds 
  Import took 0.016018 seconds .

========================================================================
Received Import Request.
  Time since last request: 79.533046 seconds.
  path: Assets/Materials/Mat_Ground.mat
  artifactKey: Guid(4162dd3f418299b49a757f509042a51f) Importer(815301076,1909f56bfc062723c751e8b465ee728b)
Start importing Assets/Materials/Mat_Ground.mat using Guid(4162dd3f418299b49a757f509042a51f) Importer(815301076,1909f56bfc062723c751e8b465ee728b)  -> (artifact id: 'e4ecaeeb38de7c90dd531b0471b4c34e') in 0.014754 seconds 
  Import took 0.017861 seconds .

========================================================================
Received Import Request.
  Time since last request: 249.698007 seconds.
  path: Assets/Materials/Wall.mat
  artifactKey: Guid(02e95c7c08a66074ca89e50a5f583ad5) Importer(815301076,1909f56bfc062723c751e8b465ee728b)
Start importing Assets/Materials/Wall.mat using Guid(02e95c7c08a66074ca89e50a5f583ad5) Importer(815301076,1909f56bfc062723c751e8b465ee728b)  -> (artifact id: '525129a15e2b07ea5c279fce35cdd2c5') in 0.016103 seconds 
  Import took 0.019340 seconds .

========================================================================
Received Import Request.
  Time since last request: 380.607888 seconds.
  path: Assets/Prefabs
  artifactKey: Guid(60fbf225459ae634f8ad344588dbdb21) Importer(815301076,1909f56bfc062723c751e8b465ee728b)
Start importing Assets/Prefabs using Guid(60fbf225459ae634f8ad344588dbdb21) Importer(815301076,1909f56bfc062723c751e8b465ee728b)  -> (artifact id: '7f8cfd304f2eb48953cc9a7da93648c6') in 0.006380 seconds 
  Import took 0.008922 seconds .

========================================================================
Received Import Request.
  Time since last request: 3.660160 seconds.
  path: Assets/Prefabs/Wall.prefab
  artifactKey: Guid(f59f55d7d98b21145a478196eb3db846) Importer(815301076,1909f56bfc062723c751e8b465ee728b)
Start importing Assets/Prefabs/Wall.prefab using Guid(f59f55d7d98b21145a478196eb3db846) Importer(815301076,1909f56bfc062723c751e8b465ee728b)  -> (artifact id: '6c469877bbfb604880237b80fedf8a90') in 0.021183 seconds 
  Import took 0.023752 seconds .

========================================================================
Received Import Request.
  Time since last request: 9.551934 seconds.
  path: Assets/Prefabs/Wall.prefab
  artifactKey: Guid(f59f55d7d98b21145a478196eb3db846) Importer(815301076,1909f56bfc062723c751e8b465ee728b)
Start importing Assets/Prefabs/Wall.prefab using Guid(f59f55d7d98b21145a478196eb3db846) Importer(815301076,1909f56bfc062723c751e8b465ee728b)  -> (artifact id: 'd434f7d8cb8c8b2e6264cd31e7687db8') in 0.011416 seconds 
  Import took 0.013762 seconds .

========================================================================
Received Import Request.
  Time since last request: 618.553871 seconds.
  path: Assets/Materials/Mat_Wall.mat
  artifactKey: Guid(02e95c7c08a66074ca89e50a5f583ad5) Importer(815301076,1909f56bfc062723c751e8b465ee728b)
Start importing Assets/Materials/Mat_Wall.mat using Guid(02e95c7c08a66074ca89e50a5f583ad5) Importer(815301076,1909f56bfc062723c751e8b465ee728b)  -> (artifact id: '7444064c691882c3a7c148f1ecc6d68c') in 0.013283 seconds 
  Import took 0.017358 seconds .

AssetImportWorkerClient::OnTransportError - code=2 error=End of file
